2020-05-06 13:40:07 [main] INFO  o.s.c.c.c.ConfigServicePropertySourceLocator - Fetching config from server at : http://localhost:8888
2020-05-06 13:40:07 [main] INFO  o.s.c.c.c.ConfigServicePropertySourceLocator - Connect Timeout Exception on Url - http://localhost:8888. Will be trying the next url if available
2020-05-06 13:40:07 [main] WARN  o.s.c.c.c.ConfigServicePropertySourceLocator - Could not locate PropertySource: I/O error on GET request for "http://localhost:8888/application/default": Connection refused (Connection refused); nested exception is java.net.ConnectException: Connection refused (Connection refused)
2020-05-06 13:40:07 [main] INFO  i.e.s.d.DiscoveryserverApplication - No active profile set, falling back to default profiles: default
2020-05-06 13:40:08 [main] WARN  o.s.boot.actuate.endpoint.EndpointId - Endpoint ID 'service-registry' contains invalid characters, please migrate to a valid format.
2020-05-06 13:40:08 [main] INFO  o.s.cloud.context.scope.GenericScope - BeanFactory id=a81062f5-3535-3c7a-a388-81cc79c41d1d
2020-05-06 13:40:08 [main] INFO  o.s.b.w.e.tomcat.TomcatWebServer - Tomcat initialized with port(s): 8000 (http)
2020-05-06 13:40:08 [main] INFO  o.a.catalina.core.StandardService - Starting service [Tomcat]
2020-05-06 13:40:08 [main] INFO  o.a.catalina.core.StandardEngine - Starting Servlet engine: [Apache Tomcat/9.0.31]
2020-05-06 13:40:09 [main] INFO  o.a.c.c.C.[Tomcat].[localhost].[/] - Initializing Spring embedded WebApplicationContext
2020-05-06 13:40:09 [main] INFO  o.s.web.context.ContextLoader - Root WebApplicationContext: initialization completed in 1454 ms
2020-05-06 13:40:09 [main] WARN  c.n.c.sources.URLConfigurationSource - No URLs will be polled as dynamic configuration sources.
2020-05-06 13:40:09 [main] INFO  c.n.c.sources.URLConfigurationSource - To enable URLs as dynamic configuration sources, define System property archaius.configurationSource.additionalUrls or make config.properties available on classpath.
2020-05-06 13:40:09 [main] INFO  c.n.config.DynamicPropertyFactory - DynamicPropertyFactory is initialized with configuration sources: com.netflix.config.ConcurrentCompositeConfiguration@7792d851
2020-05-06 13:40:09 [main] INFO  c.s.j.s.i.a.WebApplicationImpl - Initiating Jersey application, version 'Jersey: 1.19.1 03/11/2016 02:08 PM'
2020-05-06 13:40:09 [main] INFO  c.n.d.p.DiscoveryJerseyProvider - Using JSON encoding codec LegacyJacksonJson
2020-05-06 13:40:09 [main] INFO  c.n.d.p.DiscoveryJerseyProvider - Using JSON decoding codec LegacyJacksonJson
2020-05-06 13:40:09 [main] INFO  c.n.d.p.DiscoveryJerseyProvider - Using XML encoding codec XStreamXml
2020-05-06 13:40:09 [main] INFO  c.n.d.p.DiscoveryJerseyProvider - Using XML decoding codec XStreamXml
2020-05-06 13:40:10 [main] WARN  o.s.c.n.a.ArchaiusAutoConfiguration - No spring.application.name found, defaulting to 'application'
2020-05-06 13:40:10 [main] WARN  c.n.c.sources.URLConfigurationSource - No URLs will be polled as dynamic configuration sources.
2020-05-06 13:40:10 [main] INFO  c.n.c.sources.URLConfigurationSource - To enable URLs as dynamic configuration sources, define System property archaius.configurationSource.additionalUrls or make config.properties available on classpath.
2020-05-06 13:40:10 [main] INFO  o.s.s.c.ThreadPoolTaskExecutor - Initializing ExecutorService 'applicationTaskExecutor'
2020-05-06 13:40:10 [main] WARN  o.s.c.l.c.BlockingLoadBalancerClientAutoConfiguration$BlockingLoadBalancerClientRibbonWarnLogger - You already have RibbonLoadBalancerClient on your classpath. It will be used by default. As Spring Cloud Ribbon is in maintenance mode. We recommend switching to BlockingLoadBalancerClient instead. In order to use it, set the value of `spring.cloud.loadbalancer.ribbon.enabled` to `false` or remove spring-cloud-starter-netflix-ribbon from your project.
2020-05-06 13:40:10 [main] INFO  o.s.c.n.eureka.InstanceInfoFactory - Setting initial instance status as: STARTING
2020-05-06 13:40:10 [main] INFO  c.netflix.discovery.DiscoveryClient - Initializing Eureka in region us-east-1
2020-05-06 13:40:10 [main] INFO  c.netflix.discovery.DiscoveryClient - Client configured to neither register nor query for data.
2020-05-06 13:40:10 [main] INFO  c.netflix.discovery.DiscoveryClient - Discovery Client initialized at timestamp 1588752610746 with initial instances count: 0
2020-05-06 13:40:10 [main] INFO  c.n.e.DefaultEurekaServerContext - Initializing ...
2020-05-06 13:40:10 [main] INFO  c.n.eureka.cluster.PeerEurekaNodes - Adding new peer nodes [http://discoveryserver:8000/eureka/]
2020-05-06 13:40:11 [main] INFO  c.n.d.p.DiscoveryJerseyProvider - Using JSON encoding codec LegacyJacksonJson
2020-05-06 13:40:11 [main] INFO  c.n.d.p.DiscoveryJerseyProvider - Using JSON decoding codec LegacyJacksonJson
2020-05-06 13:40:11 [main] INFO  c.n.d.p.DiscoveryJerseyProvider - Using XML encoding codec XStreamXml
2020-05-06 13:40:11 [main] INFO  c.n.d.p.DiscoveryJerseyProvider - Using XML decoding codec XStreamXml
2020-05-06 13:40:11 [main] INFO  c.n.eureka.cluster.PeerEurekaNodes - Replica node URL:  http://discoveryserver:8000/eureka/
2020-05-06 13:40:11 [main] INFO  c.n.e.r.AbstractInstanceRegistry - Finished initializing remote region registries. All known remote regions: []
2020-05-06 13:40:11 [main] INFO  c.n.e.DefaultEurekaServerContext - Initialized
2020-05-06 13:40:11 [main] INFO  o.s.b.a.e.web.EndpointLinksResolver - Exposing 2 endpoint(s) beneath base path '/actuator'
2020-05-06 13:40:11 [main] INFO  o.s.c.n.e.s.EurekaServiceRegistry - Registering application UNKNOWN with eureka with status UP
2020-05-06 13:40:11 [Thread-10] INFO  o.s.c.n.e.s.EurekaServerBootstrap - Setting the eureka configuration..
2020-05-06 13:40:11 [Thread-10] INFO  o.s.c.n.e.s.EurekaServerBootstrap - Eureka data center value eureka.datacenter is not set, defaulting to default
2020-05-06 13:40:11 [Thread-10] INFO  o.s.c.n.e.s.EurekaServerBootstrap - Eureka environment value eureka.environment is not set, defaulting to test
2020-05-06 13:40:11 [Thread-10] INFO  o.s.c.n.e.s.EurekaServerBootstrap - isAws returned false
2020-05-06 13:40:11 [Thread-10] INFO  o.s.c.n.e.s.EurekaServerBootstrap - Initialized server context
2020-05-06 13:40:11 [Thread-10] INFO  c.n.e.r.PeerAwareInstanceRegistryImpl - Got 1 instances from neighboring DS node
2020-05-06 13:40:11 [Thread-10] INFO  c.n.e.r.PeerAwareInstanceRegistryImpl - Renew threshold is: 1
2020-05-06 13:40:11 [Thread-10] INFO  c.n.e.r.PeerAwareInstanceRegistryImpl - Changing status to UP
2020-05-06 13:40:11 [Thread-10] INFO  o.s.c.n.e.s.EurekaServerInitializerConfiguration - Started Eureka Server
2020-05-06 13:40:11 [main] INFO  o.s.b.w.e.tomcat.TomcatWebServer - Tomcat started on port(s): 8000 (http) with context path ''
2020-05-06 13:40:11 [main] INFO  o.s.c.n.e.s.EurekaAutoServiceRegistration - Updating port to 8000
2020-05-06 13:40:11 [main] INFO  i.e.s.d.DiscoveryserverApplication - Started DiscoveryserverApplication in 5.108 seconds (JVM running for 8.626)
2020-05-06 13:41:11 [Eureka-EvictionTimer] INFO  c.n.e.r.AbstractInstanceRegistry - Running the evict task with compensationTime 0ms
2020-05-06 13:41:56 [http-nio-8000-exec-1] INFO  o.a.c.c.C.[Tomcat].[localhost].[/] - Initializing Spring DispatcherServlet 'dispatcherServlet'
2020-05-06 13:41:56 [http-nio-8000-exec-1] INFO  o.s.web.servlet.DispatcherServlet - Initializing Servlet 'dispatcherServlet'
2020-05-06 13:41:56 [http-nio-8000-exec-1] INFO  o.s.web.servlet.DispatcherServlet - Completed initialization in 6 ms
2020-05-06 13:42:11 [Eureka-EvictionTimer] INFO  c.n.e.r.AbstractInstanceRegistry - Running the evict task with compensationTime 0ms
2020-05-06 13:43:11 [Eureka-EvictionTimer] INFO  c.n.e.r.AbstractInstanceRegistry - Running the evict task with compensationTime 0ms
2020-05-06 13:44:11 [Eureka-EvictionTimer] INFO  c.n.e.r.AbstractInstanceRegistry - Running the evict task with compensationTime 0ms
2020-05-06 13:45:11 [Eureka-EvictionTimer] INFO  c.n.e.r.AbstractInstanceRegistry - Running the evict task with compensationTime 0ms
2020-05-06 13:46:11 [Eureka-EvictionTimer] INFO  c.n.e.r.AbstractInstanceRegistry - Running the evict task with compensationTime 0ms
2020-05-06 13:47:11 [Eureka-EvictionTimer] INFO  c.n.e.r.AbstractInstanceRegistry - Running the evict task with compensationTime 0ms
2020-05-06 13:48:11 [Eureka-EvictionTimer] INFO  c.n.e.r.AbstractInstanceRegistry - Running the evict task with compensationTime 0ms
2020-05-06 13:49:11 [Eureka-EvictionTimer] INFO  c.n.e.r.AbstractInstanceRegistry - Running the evict task with compensationTime 0ms
2020-05-06 13:50:11 [Eureka-EvictionTimer] INFO  c.n.e.r.AbstractInstanceRegistry - Running the evict task with compensationTime 0ms
2020-05-06 13:51:11 [Eureka-EvictionTimer] INFO  c.n.e.r.AbstractInstanceRegistry - Running the evict task with compensationTime 0ms
2020-05-06 13:52:11 [Eureka-EvictionTimer] INFO  c.n.e.r.AbstractInstanceRegistry - Running the evict task with compensationTime 0ms
2020-05-06 13:53:11 [Eureka-EvictionTimer] INFO  c.n.e.r.AbstractInstanceRegistry - Running the evict task with compensationTime 0ms
2020-05-06 13:54:11 [Eureka-EvictionTimer] INFO  c.n.e.r.AbstractInstanceRegistry - Running the evict task with compensationTime 0ms
2020-05-06 13:55:11 [ReplicaAwareInstanceRegistry - RenewalThresholdUpdater] INFO  c.n.e.r.PeerAwareInstanceRegistryImpl - Current renewal threshold is : 1
2020-05-06 13:55:11 [Eureka-EvictionTimer] INFO  c.n.e.r.AbstractInstanceRegistry - Running the evict task with compensationTime 0ms
2020-05-06 13:56:11 [Eureka-EvictionTimer] INFO  c.n.e.r.AbstractInstanceRegistry - Running the evict task with compensationTime 0ms
2020-05-06 13:57:11 [Eureka-EvictionTimer] INFO  c.n.e.r.AbstractInstanceRegistry - Running the evict task with compensationTime 0ms
2020-05-06 13:58:11 [Eureka-EvictionTimer] INFO  c.n.e.r.AbstractInstanceRegistry - Running the evict task with compensationTime 0ms
2020-05-06 13:59:11 [Eureka-EvictionTimer] INFO  c.n.e.r.AbstractInstanceRegistry - Running the evict task with compensationTime 0ms
2020-05-06 14:00:11 [Eureka-EvictionTimer] INFO  c.n.e.r.AbstractInstanceRegistry - Running the evict task with compensationTime 0ms
2020-05-06 14:01:11 [Eureka-EvictionTimer] INFO  c.n.e.r.AbstractInstanceRegistry - Running the evict task with compensationTime 0ms
2020-05-06 14:02:11 [Eureka-EvictionTimer] INFO  c.n.e.r.AbstractInstanceRegistry - Running the evict task with compensationTime 0ms
2020-05-06 14:03:11 [Eureka-EvictionTimer] INFO  c.n.e.r.AbstractInstanceRegistry - Running the evict task with compensationTime 0ms
2020-05-06 14:04:11 [Eureka-EvictionTimer] INFO  c.n.e.r.AbstractInstanceRegistry - Running the evict task with compensationTime 0ms
2020-05-06 14:05:11 [Eureka-EvictionTimer] INFO  c.n.e.r.AbstractInstanceRegistry - Running the evict task with compensationTime 0ms
2020-05-06 14:06:11 [Eureka-EvictionTimer] INFO  c.n.e.r.AbstractInstanceRegistry - Running the evict task with compensationTime 0ms
2020-05-06 14:07:11 [Eureka-EvictionTimer] INFO  c.n.e.r.AbstractInstanceRegistry - Running the evict task with compensationTime 0ms
2020-05-06 14:08:11 [Eureka-EvictionTimer] INFO  c.n.e.r.AbstractInstanceRegistry - Running the evict task with compensationTime 0ms
2020-05-06 14:09:11 [Eureka-EvictionTimer] INFO  c.n.e.r.AbstractInstanceRegistry - Running the evict task with compensationTime 0ms
2020-05-06 14:10:11 [ReplicaAwareInstanceRegistry - RenewalThresholdUpdater] INFO  c.n.e.r.PeerAwareInstanceRegistryImpl - Current renewal threshold is : 1
2020-05-06 14:10:11 [Eureka-EvictionTimer] INFO  c.n.e.r.AbstractInstanceRegistry - Running the evict task with compensationTime 0ms
2020-05-06 14:11:11 [Eureka-EvictionTimer] INFO  c.n.e.r.AbstractInstanceRegistry - Running the evict task with compensationTime 0ms
2020-05-06 14:12:11 [Eureka-EvictionTimer] INFO  c.n.e.r.AbstractInstanceRegistry - Running the evict task with compensationTime 0ms
2020-05-06 14:13:11 [Eureka-EvictionTimer] INFO  c.n.e.r.AbstractInstanceRegistry - Running the evict task with compensationTime 0ms
2020-05-06 14:14:11 [Eureka-EvictionTimer] INFO  c.n.e.r.AbstractInstanceRegistry - Running the evict task with compensationTime 0ms
2020-05-06 14:15:11 [Eureka-EvictionTimer] INFO  c.n.e.r.AbstractInstanceRegistry - Running the evict task with compensationTime 0ms
2020-05-06 14:16:11 [Eureka-EvictionTimer] INFO  c.n.e.r.AbstractInstanceRegistry - Running the evict task with compensationTime 0ms
2020-05-06 14:17:11 [Eureka-EvictionTimer] INFO  c.n.e.r.AbstractInstanceRegistry - Running the evict task with compensationTime 0ms
2020-05-06 14:18:11 [Eureka-EvictionTimer] INFO  c.n.e.r.AbstractInstanceRegistry - Running the evict task with compensationTime 0ms
2020-05-06 14:19:11 [Eureka-EvictionTimer] INFO  c.n.e.r.AbstractInstanceRegistry - Running the evict task with compensationTime 0ms
2020-05-06 14:20:11 [Eureka-EvictionTimer] INFO  c.n.e.r.AbstractInstanceRegistry - Running the evict task with compensationTime 0ms
2020-05-06 14:21:11 [Eureka-EvictionTimer] INFO  c.n.e.r.AbstractInstanceRegistry - Running the evict task with compensationTime 0ms
2020-05-06 14:22:11 [Eureka-EvictionTimer] INFO  c.n.e.r.AbstractInstanceRegistry - Running the evict task with compensationTime 0ms
2020-05-06 14:23:11 [Eureka-EvictionTimer] INFO  c.n.e.r.AbstractInstanceRegistry - Running the evict task with compensationTime 0ms
2020-05-06 14:24:11 [Eureka-EvictionTimer] INFO  c.n.e.r.AbstractInstanceRegistry - Running the evict task with compensationTime 0ms
2020-05-06 14:25:11 [ReplicaAwareInstanceRegistry - RenewalThresholdUpdater] INFO  c.n.e.r.PeerAwareInstanceRegistryImpl - Current renewal threshold is : 1
2020-05-06 14:25:11 [Eureka-EvictionTimer] INFO  c.n.e.r.AbstractInstanceRegistry - Running the evict task with compensationTime 0ms
2020-05-06 14:26:11 [Eureka-EvictionTimer] INFO  c.n.e.r.AbstractInstanceRegistry - Running the evict task with compensationTime 0ms
2020-05-06 14:27:11 [Eureka-EvictionTimer] INFO  c.n.e.r.AbstractInstanceRegistry - Running the evict task with compensationTime 0ms
2020-05-06 14:28:11 [Eureka-EvictionTimer] INFO  c.n.e.r.AbstractInstanceRegistry - Running the evict task with compensationTime 0ms
2020-05-06 14:29:11 [Eureka-EvictionTimer] INFO  c.n.e.r.AbstractInstanceRegistry - Running the evict task with compensationTime 0ms
2020-05-06 14:30:11 [Eureka-EvictionTimer] INFO  c.n.e.r.AbstractInstanceRegistry - Running the evict task with compensationTime 0ms
2020-05-06 14:31:11 [Eureka-EvictionTimer] INFO  c.n.e.r.AbstractInstanceRegistry - Running the evict task with compensationTime 0ms
2020-05-06 14:32:11 [Eureka-EvictionTimer] INFO  c.n.e.r.AbstractInstanceRegistry - Running the evict task with compensationTime 0ms
2020-05-06 14:33:11 [Eureka-EvictionTimer] INFO  c.n.e.r.AbstractInstanceRegistry - Running the evict task with compensationTime 0ms
2020-05-06 14:34:11 [Eureka-EvictionTimer] INFO  c.n.e.r.AbstractInstanceRegistry - Running the evict task with compensationTime 0ms
2020-05-06 14:35:11 [Eureka-EvictionTimer] INFO  c.n.e.r.AbstractInstanceRegistry - Running the evict task with compensationTime 0ms
2020-05-06 14:36:11 [Eureka-EvictionTimer] INFO  c.n.e.r.AbstractInstanceRegistry - Running the evict task with compensationTime 0ms
2020-05-06 14:37:11 [Eureka-EvictionTimer] INFO  c.n.e.r.AbstractInstanceRegistry - Running the evict task with compensationTime 0ms
2020-05-06 14:38:11 [Eureka-EvictionTimer] INFO  c.n.e.r.AbstractInstanceRegistry - Running the evict task with compensationTime 0ms
2020-05-06 14:39:11 [Eureka-EvictionTimer] INFO  c.n.e.r.AbstractInstanceRegistry - Running the evict task with compensationTime 0ms
2020-05-06 14:40:11 [ReplicaAwareInstanceRegistry - RenewalThresholdUpdater] INFO  c.n.e.r.PeerAwareInstanceRegistryImpl - Current renewal threshold is : 1
2020-05-06 14:40:11 [Eureka-EvictionTimer] INFO  c.n.e.r.AbstractInstanceRegistry - Running the evict task with compensationTime 0ms
2020-05-06 14:41:11 [Eureka-EvictionTimer] INFO  c.n.e.r.AbstractInstanceRegistry - Running the evict task with compensationTime 0ms
2020-05-06 14:42:11 [Eureka-EvictionTimer] INFO  c.n.e.r.AbstractInstanceRegistry - Running the evict task with compensationTime 0ms
2020-05-06 14:43:11 [Eureka-EvictionTimer] INFO  c.n.e.r.AbstractInstanceRegistry - Running the evict task with compensationTime 0ms
2020-05-06 14:44:11 [Eureka-EvictionTimer] INFO  c.n.e.r.AbstractInstanceRegistry - Running the evict task with compensationTime 0ms
2020-05-06 14:45:11 [Eureka-EvictionTimer] INFO  c.n.e.r.AbstractInstanceRegistry - Running the evict task with compensationTime 0ms
2020-05-06 14:46:11 [Eureka-EvictionTimer] INFO  c.n.e.r.AbstractInstanceRegistry - Running the evict task with compensationTime 1ms
2020-05-06 14:47:11 [Eureka-EvictionTimer] INFO  c.n.e.r.AbstractInstanceRegistry - Running the evict task with compensationTime 0ms
2020-05-06 14:48:11 [Eureka-EvictionTimer] INFO  c.n.e.r.AbstractInstanceRegistry - Running the evict task with compensationTime 1ms
2020-05-06 14:49:11 [Eureka-EvictionTimer] INFO  c.n.e.r.AbstractInstanceRegistry - Running the evict task with compensationTime 0ms
2020-05-06 14:50:11 [Eureka-EvictionTimer] INFO  c.n.e.r.AbstractInstanceRegistry - Running the evict task with compensationTime 0ms
2020-05-06 14:51:11 [Eureka-EvictionTimer] INFO  c.n.e.r.AbstractInstanceRegistry - Running the evict task with compensationTime 0ms
2020-05-06 14:52:11 [Eureka-EvictionTimer] INFO  c.n.e.r.AbstractInstanceRegistry - Running the evict task with compensationTime 0ms
2020-05-06 14:53:11 [Eureka-EvictionTimer] INFO  c.n.e.r.AbstractInstanceRegistry - Running the evict task with compensationTime 0ms
2020-05-06 14:54:11 [Eureka-EvictionTimer] INFO  c.n.e.r.AbstractInstanceRegistry - Running the evict task with compensationTime 0ms
2020-05-06 14:55:11 [ReplicaAwareInstanceRegistry - RenewalThresholdUpdater] INFO  c.n.e.r.PeerAwareInstanceRegistryImpl - Current renewal threshold is : 1
2020-05-06 14:55:11 [Eureka-EvictionTimer] INFO  c.n.e.r.AbstractInstanceRegistry - Running the evict task with compensationTime 0ms
2020-05-06 14:56:11 [Eureka-EvictionTimer] INFO  c.n.e.r.AbstractInstanceRegistry - Running the evict task with compensationTime 0ms
2020-05-06 14:57:11 [Eureka-EvictionTimer] INFO  c.n.e.r.AbstractInstanceRegistry - Running the evict task with compensationTime 1ms
2020-05-06 14:58:11 [Eureka-EvictionTimer] INFO  c.n.e.r.AbstractInstanceRegistry - Running the evict task with compensationTime 0ms
2020-05-06 14:59:11 [Eureka-EvictionTimer] INFO  c.n.e.r.AbstractInstanceRegistry - Running the evict task with compensationTime 0ms
2020-05-06 15:00:11 [Eureka-EvictionTimer] INFO  c.n.e.r.AbstractInstanceRegistry - Running the evict task with compensationTime 0ms
2020-05-06 15:01:11 [Eureka-EvictionTimer] INFO  c.n.e.r.AbstractInstanceRegistry - Running the evict task with compensationTime 0ms
2020-05-06 15:02:11 [Eureka-EvictionTimer] INFO  c.n.e.r.AbstractInstanceRegistry - Running the evict task with compensationTime 0ms
2020-05-06 15:03:11 [Eureka-EvictionTimer] INFO  c.n.e.r.AbstractInstanceRegistry - Running the evict task with compensationTime 0ms
2020-05-06 15:04:11 [Eureka-EvictionTimer] INFO  c.n.e.r.AbstractInstanceRegistry - Running the evict task with compensationTime 0ms
2020-05-06 15:05:11 [Eureka-EvictionTimer] INFO  c.n.e.r.AbstractInstanceRegistry - Running the evict task with compensationTime 0ms
2020-05-06 15:06:11 [Eureka-EvictionTimer] INFO  c.n.e.r.AbstractInstanceRegistry - Running the evict task with compensationTime 0ms
2020-05-06 15:07:11 [Eureka-EvictionTimer] INFO  c.n.e.r.AbstractInstanceRegistry - Running the evict task with compensationTime 0ms
2020-05-06 15:08:11 [Eureka-EvictionTimer] INFO  c.n.e.r.AbstractInstanceRegistry - Running the evict task with compensationTime 0ms
2020-05-06 15:09:11 [Eureka-EvictionTimer] INFO  c.n.e.r.AbstractInstanceRegistry - Running the evict task with compensationTime 0ms
2020-05-06 15:10:11 [ReplicaAwareInstanceRegistry - RenewalThresholdUpdater] INFO  c.n.e.r.PeerAwareInstanceRegistryImpl - Current renewal threshold is : 1
2020-05-06 15:10:11 [Eureka-EvictionTimer] INFO  c.n.e.r.AbstractInstanceRegistry - Running the evict task with compensationTime 0ms
2020-05-06 15:11:11 [Eureka-EvictionTimer] INFO  c.n.e.r.AbstractInstanceRegistry - Running the evict task with compensationTime 0ms
2020-05-06 15:12:11 [Eureka-EvictionTimer] INFO  c.n.e.r.AbstractInstanceRegistry - Running the evict task with compensationTime 0ms
2020-05-06 15:13:11 [Eureka-EvictionTimer] INFO  c.n.e.r.AbstractInstanceRegistry - Running the evict task with compensationTime 0ms
2020-05-06 15:14:11 [Eureka-EvictionTimer] INFO  c.n.e.r.AbstractInstanceRegistry - Running the evict task with compensationTime 0ms
2020-05-06 15:15:11 [Eureka-EvictionTimer] INFO  c.n.e.r.AbstractInstanceRegistry - Running the evict task with compensationTime 0ms
2020-05-06 15:16:11 [Eureka-EvictionTimer] INFO  c.n.e.r.AbstractInstanceRegistry - Running the evict task with compensationTime 0ms
2020-05-06 15:17:11 [Eureka-EvictionTimer] INFO  c.n.e.r.AbstractInstanceRegistry - Running the evict task with compensationTime 0ms
2020-05-06 15:18:11 [Eureka-EvictionTimer] INFO  c.n.e.r.AbstractInstanceRegistry - Running the evict task with compensationTime 0ms
2020-05-06 15:19:11 [Eureka-EvictionTimer] INFO  c.n.e.r.AbstractInstanceRegistry - Running the evict task with compensationTime 0ms
2020-05-06 15:20:11 [Eureka-EvictionTimer] INFO  c.n.e.r.AbstractInstanceRegistry - Running the evict task with compensationTime 0ms
2020-05-06 15:21:11 [Eureka-EvictionTimer] INFO  c.n.e.r.AbstractInstanceRegistry - Running the evict task with compensationTime 0ms
2020-05-06 15:22:11 [Eureka-EvictionTimer] INFO  c.n.e.r.AbstractInstanceRegistry - Running the evict task with compensationTime 0ms
2020-05-06 15:23:11 [Eureka-EvictionTimer] INFO  c.n.e.r.AbstractInstanceRegistry - Running the evict task with compensationTime 1ms
2020-05-06 15:24:11 [Eureka-EvictionTimer] INFO  c.n.e.r.AbstractInstanceRegistry - Running the evict task with compensationTime 0ms
2020-05-06 15:25:11 [ReplicaAwareInstanceRegistry - RenewalThresholdUpdater] INFO  c.n.e.r.PeerAwareInstanceRegistryImpl - Current renewal threshold is : 1
2020-05-06 15:25:11 [Eureka-EvictionTimer] INFO  c.n.e.r.AbstractInstanceRegistry - Running the evict task with compensationTime 0ms
2020-05-06 15:26:11 [Eureka-EvictionTimer] INFO  c.n.e.r.AbstractInstanceRegistry - Running the evict task with compensationTime 0ms
2020-05-06 15:27:11 [Eureka-EvictionTimer] INFO  c.n.e.r.AbstractInstanceRegistry - Running the evict task with compensationTime 0ms
2020-05-06 15:28:11 [Eureka-EvictionTimer] INFO  c.n.e.r.AbstractInstanceRegistry - Running the evict task with compensationTime 0ms
2020-05-06 15:29:11 [Eureka-EvictionTimer] INFO  c.n.e.r.AbstractInstanceRegistry - Running the evict task with compensationTime 0ms
2020-05-06 15:30:11 [Eureka-EvictionTimer] INFO  c.n.e.r.AbstractInstanceRegistry - Running the evict task with compensationTime 0ms
2020-05-06 15:31:11 [Eureka-EvictionTimer] INFO  c.n.e.r.AbstractInstanceRegistry - Running the evict task with compensationTime 0ms
2020-05-06 15:32:11 [Eureka-EvictionTimer] INFO  c.n.e.r.AbstractInstanceRegistry - Running the evict task with compensationTime 0ms
2020-05-06 15:33:11 [Eureka-EvictionTimer] INFO  c.n.e.r.AbstractInstanceRegistry - Running the evict task with compensationTime 0ms
2020-05-06 15:34:11 [Eureka-EvictionTimer] INFO  c.n.e.r.AbstractInstanceRegistry - Running the evict task with compensationTime 0ms
2020-05-06 15:34:53 [RMI TCP Connection(2)-127.0.0.1] INFO  o.s.b.a.SpringApplicationAdminMXBeanRegistrar$SpringApplicationAdmin - Application shutdown requested.
2020-05-06 15:34:53 [RMI TCP Connection(2)-127.0.0.1] INFO  o.s.c.n.e.s.EurekaServiceRegistry - Unregistering application UNKNOWN with eureka with status DOWN
2020-05-06 15:34:53 [RMI TCP Connection(2)-127.0.0.1] INFO  c.n.e.DefaultEurekaServerContext - Shutting down ...
2020-05-06 15:34:53 [RMI TCP Connection(2)-127.0.0.1] INFO  c.netflix.servo.monitor.StatsMonitor - Attempting to get the value for an expired monitor: eurekaServer.replication.batchSize.Will start computing stats again.
2020-05-06 15:34:53 [RMI TCP Connection(2)-127.0.0.1] INFO  c.netflix.servo.monitor.StatsMonitor - Attempting to get the value for an expired monitor: eurekaServer.replication.executionTime.Will start computing stats again.
2020-05-06 15:34:53 [RMI TCP Connection(2)-127.0.0.1] INFO  c.netflix.servo.monitor.StatsMonitor - Attempting to get the value for an expired monitor: eurekaServer.replication.executionTime.Will start computing stats again.
2020-05-06 15:34:53 [RMI TCP Connection(2)-127.0.0.1] INFO  c.netflix.servo.monitor.StatsMonitor - Attempting to get the value for an expired monitor: eurekaServer.replication.batchSize.Will start computing stats again.
2020-05-06 15:34:53 [RMI TCP Connection(2)-127.0.0.1] INFO  c.n.e.DefaultEurekaServerContext - Shut down
2020-05-06 15:34:53 [RMI TCP Connection(2)-127.0.0.1] INFO  o.s.s.c.ThreadPoolTaskExecutor - Shutting down ExecutorService 'applicationTaskExecutor'
2020-05-06 15:34:53 [RMI TCP Connection(2)-127.0.0.1] INFO  c.netflix.discovery.DiscoveryClient - Shutting down DiscoveryClient ...
2020-05-06 15:34:53 [RMI TCP Connection(2)-127.0.0.1] INFO  c.netflix.discovery.DiscoveryClient - Completed shut down of DiscoveryClient
2020-05-06 15:34:53 [RMI TCP Connection(2)-127.0.0.1] INFO  o.a.catalina.core.StandardService - Stopping service [Tomcat]
2020-05-06 15:34:53 [RMI TCP Connection(2)-127.0.0.1] INFO  o.a.c.c.C.[Tomcat].[localhost].[/] - Destroying Spring FrameworkServlet 'dispatcherServlet'
2020-05-06 18:15:21 [main] INFO  o.s.c.c.c.ConfigServicePropertySourceLocator - Fetching config from server at : http://localhost:8888
2020-05-06 18:15:21 [main] INFO  o.s.c.c.c.ConfigServicePropertySourceLocator - Connect Timeout Exception on Url - http://localhost:8888. Will be trying the next url if available
2020-05-06 18:15:21 [main] WARN  o.s.c.c.c.ConfigServicePropertySourceLocator - Could not locate PropertySource: I/O error on GET request for "http://localhost:8888/application/default": Connection refused (Connection refused); nested exception is java.net.ConnectException: Connection refused (Connection refused)
2020-05-06 18:15:21 [main] INFO  i.e.s.d.DiscoveryserverApplication - No active profile set, falling back to default profiles: default
2020-05-06 18:15:24 [main] WARN  o.s.boot.actuate.endpoint.EndpointId - Endpoint ID 'service-registry' contains invalid characters, please migrate to a valid format.
2020-05-06 18:15:25 [main] INFO  o.s.cloud.context.scope.GenericScope - BeanFactory id=a81062f5-3535-3c7a-a388-81cc79c41d1d
2020-05-06 18:15:27 [main] INFO  o.s.b.w.e.tomcat.TomcatWebServer - Tomcat initialized with port(s): 8000 (http)
2020-05-06 18:15:27 [main] INFO  o.a.catalina.core.StandardService - Starting service [Tomcat]
2020-05-06 18:15:27 [main] INFO  o.a.catalina.core.StandardEngine - Starting Servlet engine: [Apache Tomcat/9.0.31]
2020-05-06 18:15:27 [main] INFO  o.a.c.c.C.[Tomcat].[localhost].[/] - Initializing Spring embedded WebApplicationContext
2020-05-06 18:15:27 [main] INFO  o.s.web.context.ContextLoader - Root WebApplicationContext: initialization completed in 5336 ms
2020-05-06 18:15:27 [main] WARN  c.n.c.sources.URLConfigurationSource - No URLs will be polled as dynamic configuration sources.
2020-05-06 18:15:27 [main] INFO  c.n.c.sources.URLConfigurationSource - To enable URLs as dynamic configuration sources, define System property archaius.configurationSource.additionalUrls or make config.properties available on classpath.
2020-05-06 18:15:27 [main] INFO  c.n.config.DynamicPropertyFactory - DynamicPropertyFactory is initialized with configuration sources: com.netflix.config.ConcurrentCompositeConfiguration@41b64020
2020-05-06 18:15:27 [main] INFO  c.s.j.s.i.a.WebApplicationImpl - Initiating Jersey application, version 'Jersey: 1.19.1 03/11/2016 02:08 PM'
2020-05-06 18:15:27 [main] INFO  c.n.d.p.DiscoveryJerseyProvider - Using JSON encoding codec LegacyJacksonJson
2020-05-06 18:15:27 [main] INFO  c.n.d.p.DiscoveryJerseyProvider - Using JSON decoding codec LegacyJacksonJson
2020-05-06 18:15:28 [main] INFO  c.n.d.p.DiscoveryJerseyProvider - Using XML encoding codec XStreamXml
2020-05-06 18:15:28 [main] INFO  c.n.d.p.DiscoveryJerseyProvider - Using XML decoding codec XStreamXml
2020-05-06 18:15:28 [main] WARN  o.s.c.n.a.ArchaiusAutoConfiguration - No spring.application.name found, defaulting to 'application'
2020-05-06 18:15:28 [main] WARN  c.n.c.sources.URLConfigurationSource - No URLs will be polled as dynamic configuration sources.
2020-05-06 18:15:28 [main] INFO  c.n.c.sources.URLConfigurationSource - To enable URLs as dynamic configuration sources, define System property archaius.configurationSource.additionalUrls or make config.properties available on classpath.
2020-05-06 18:15:28 [main] INFO  o.s.s.c.ThreadPoolTaskExecutor - Initializing ExecutorService 'applicationTaskExecutor'
2020-05-06 18:15:28 [main] WARN  o.s.c.l.c.BlockingLoadBalancerClientAutoConfiguration$BlockingLoadBalancerClientRibbonWarnLogger - You already have RibbonLoadBalancerClient on your classpath. It will be used by default. As Spring Cloud Ribbon is in maintenance mode. We recommend switching to BlockingLoadBalancerClient instead. In order to use it, set the value of `spring.cloud.loadbalancer.ribbon.enabled` to `false` or remove spring-cloud-starter-netflix-ribbon from your project.
2020-05-06 18:15:29 [main] INFO  o.s.c.n.eureka.InstanceInfoFactory - Setting initial instance status as: STARTING
2020-05-06 18:15:29 [main] INFO  c.netflix.discovery.DiscoveryClient - Initializing Eureka in region us-east-1
2020-05-06 18:15:29 [main] INFO  c.netflix.discovery.DiscoveryClient - Client configured to neither register nor query for data.
2020-05-06 18:15:29 [main] INFO  c.netflix.discovery.DiscoveryClient - Discovery Client initialized at timestamp 1588769129192 with initial instances count: 0
2020-05-06 18:15:29 [main] INFO  c.n.e.DefaultEurekaServerContext - Initializing ...
2020-05-06 18:15:29 [main] INFO  c.n.eureka.cluster.PeerEurekaNodes - Adding new peer nodes [http://discoveryserver:8000/eureka/]
2020-05-06 18:15:29 [main] INFO  c.n.d.p.DiscoveryJerseyProvider - Using JSON encoding codec LegacyJacksonJson
2020-05-06 18:15:29 [main] INFO  c.n.d.p.DiscoveryJerseyProvider - Using JSON decoding codec LegacyJacksonJson
2020-05-06 18:15:29 [main] INFO  c.n.d.p.DiscoveryJerseyProvider - Using XML encoding codec XStreamXml
2020-05-06 18:15:29 [main] INFO  c.n.d.p.DiscoveryJerseyProvider - Using XML decoding codec XStreamXml
2020-05-06 18:15:29 [main] INFO  c.n.eureka.cluster.PeerEurekaNodes - Replica node URL:  http://discoveryserver:8000/eureka/
2020-05-06 18:15:29 [main] INFO  c.n.e.r.AbstractInstanceRegistry - Finished initializing remote region registries. All known remote regions: []
2020-05-06 18:15:29 [main] INFO  c.n.e.DefaultEurekaServerContext - Initialized
2020-05-06 18:15:29 [main] INFO  o.s.b.a.e.web.EndpointLinksResolver - Exposing 2 endpoint(s) beneath base path '/actuator'
2020-05-06 18:15:29 [main] INFO  o.s.c.n.e.s.EurekaServiceRegistry - Registering application UNKNOWN with eureka with status UP
2020-05-06 18:15:29 [Thread-10] INFO  o.s.c.n.e.s.EurekaServerBootstrap - Setting the eureka configuration..
2020-05-06 18:15:29 [Thread-10] INFO  o.s.c.n.e.s.EurekaServerBootstrap - Eureka data center value eureka.datacenter is not set, defaulting to default
2020-05-06 18:15:29 [Thread-10] INFO  o.s.c.n.e.s.EurekaServerBootstrap - Eureka environment value eureka.environment is not set, defaulting to test
2020-05-06 18:15:29 [Thread-10] INFO  o.s.c.n.e.s.EurekaServerBootstrap - isAws returned false
2020-05-06 18:15:29 [Thread-10] INFO  o.s.c.n.e.s.EurekaServerBootstrap - Initialized server context
2020-05-06 18:15:29 [Thread-10] INFO  c.n.e.r.PeerAwareInstanceRegistryImpl - Got 1 instances from neighboring DS node
2020-05-06 18:15:29 [Thread-10] INFO  c.n.e.r.PeerAwareInstanceRegistryImpl - Renew threshold is: 1
2020-05-06 18:15:29 [Thread-10] INFO  c.n.e.r.PeerAwareInstanceRegistryImpl - Changing status to UP
2020-05-06 18:15:29 [Thread-10] INFO  o.s.c.n.e.s.EurekaServerInitializerConfiguration - Started Eureka Server
2020-05-06 18:15:29 [main] INFO  o.s.b.w.e.tomcat.TomcatWebServer - Tomcat started on port(s): 8000 (http) with context path ''
2020-05-06 18:15:29 [main] INFO  o.s.c.n.e.s.EurekaAutoServiceRegistration - Updating port to 8000
2020-05-06 18:15:29 [main] INFO  i.e.s.d.DiscoveryserverApplication - Started DiscoveryserverApplication in 9.379 seconds (JVM running for 11.149)
2020-05-06 18:16:29 [Eureka-EvictionTimer] INFO  c.n.e.r.AbstractInstanceRegistry - Running the evict task with compensationTime 0ms
2020-05-06 18:17:29 [Eureka-EvictionTimer] INFO  c.n.e.r.AbstractInstanceRegistry - Running the evict task with compensationTime 0ms
2020-05-06 18:17:53 [http-nio-8000-exec-1] INFO  o.a.c.c.C.[Tomcat].[localhost].[/] - Initializing Spring DispatcherServlet 'dispatcherServlet'
2020-05-06 18:17:53 [http-nio-8000-exec-1] INFO  o.s.web.servlet.DispatcherServlet - Initializing Servlet 'dispatcherServlet'
2020-05-06 18:17:53 [http-nio-8000-exec-1] INFO  o.s.web.servlet.DispatcherServlet - Completed initialization in 5 ms
2020-05-06 18:17:53 [http-nio-8000-exec-2] INFO  c.n.e.r.AbstractInstanceRegistry - Registered instance HRD-EMP-FE/cdac-ecgc:hrd-emp-fe:8082 with status UP (replication=false)
2020-05-06 18:18:19 [http-nio-8000-exec-4] INFO  c.n.e.r.AbstractInstanceRegistry - Registered instance HRD-EMP-BE/cdac-ecgc:hrd-emp-be:8083 with status UP (replication=false)
2020-05-06 18:18:29 [Eureka-EvictionTimer] INFO  c.n.e.r.AbstractInstanceRegistry - Running the evict task with compensationTime 0ms
2020-05-06 18:18:32 [http-nio-8000-exec-7] INFO  c.n.e.r.AbstractInstanceRegistry - Registered instance HRD-EMP-FE/cdac-ecgc:hrd-emp-fe:8082 with status DOWN (replication=false)
2020-05-06 18:18:32 [http-nio-8000-exec-8] INFO  c.n.e.r.AbstractInstanceRegistry - Cancelled instance HRD-EMP-FE/cdac-ecgc:hrd-emp-fe:8082 (replication=false)
2020-05-06 18:18:36 [http-nio-8000-exec-2] INFO  c.n.e.r.AbstractInstanceRegistry - Registered instance HRD-EMP-FE/cdac-ecgc:hrd-emp-fe:8082 with status UP (replication=false)
2020-05-06 18:19:29 [Eureka-EvictionTimer] INFO  c.n.e.r.AbstractInstanceRegistry - Running the evict task with compensationTime 0ms
2020-05-06 18:20:02 [http-nio-8000-exec-4] INFO  c.n.e.r.AbstractInstanceRegistry - Registered instance HRD-EMP-FE/cdac-ecgc:hrd-emp-fe:8082 with status DOWN (replication=false)
2020-05-06 18:20:05 [http-nio-8000-exec-3] INFO  c.n.e.r.AbstractInstanceRegistry - Cancelled instance HRD-EMP-FE/cdac-ecgc:hrd-emp-fe:8082 (replication=false)
2020-05-06 18:20:09 [http-nio-8000-exec-7] INFO  c.n.e.r.AbstractInstanceRegistry - Registered instance HRD-EMP-BE/cdac-ecgc:hrd-emp-be:8083 with status DOWN (replication=false)
2020-05-06 18:20:09 [http-nio-8000-exec-8] INFO  c.n.e.r.AbstractInstanceRegistry - Cancelled instance HRD-EMP-BE/cdac-ecgc:hrd-emp-be:8083 (replication=false)
2020-05-06 18:20:27 [http-nio-8000-exec-2] INFO  c.n.e.r.AbstractInstanceRegistry - Registered instance HRD-EMP-BE/cdac-ecgc:hrd-emp-be:8083 with status UP (replication=false)
2020-05-06 18:20:29 [Eureka-EvictionTimer] INFO  c.n.e.r.AbstractInstanceRegistry - Running the evict task with compensationTime 0ms
2020-05-06 18:20:38 [http-nio-8000-exec-3] INFO  c.n.e.r.AbstractInstanceRegistry - Registered instance HRD-EMP-FE/cdac-ecgc:hrd-emp-fe:8082 with status UP (replication=false)
2020-05-06 18:21:29 [Eureka-EvictionTimer] INFO  c.n.e.r.AbstractInstanceRegistry - Running the evict task with compensationTime 0ms
2020-05-06 18:22:29 [Eureka-EvictionTimer] INFO  c.n.e.r.AbstractInstanceRegistry - Running the evict task with compensationTime 0ms
2020-05-06 18:23:29 [Eureka-EvictionTimer] INFO  c.n.e.r.AbstractInstanceRegistry - Running the evict task with compensationTime 0ms
2020-05-06 18:24:05 [http-nio-8000-exec-1] INFO  c.n.e.r.AbstractInstanceRegistry - Registered instance HRD-EMP-BE/cdac-ecgc:hrd-emp-be:8083 with status DOWN (replication=false)
2020-05-06 18:24:08 [http-nio-8000-exec-4] INFO  c.n.e.r.AbstractInstanceRegistry - Cancelled instance HRD-EMP-BE/cdac-ecgc:hrd-emp-be:8083 (replication=false)
2020-05-06 18:24:19 [http-nio-8000-exec-8] INFO  c.n.e.r.AbstractInstanceRegistry - Registered instance HRD-EMP-FE/cdac-ecgc:hrd-emp-fe:8082 with status DOWN (replication=false)
2020-05-06 18:24:22 [http-nio-8000-exec-7] INFO  c.n.e.r.AbstractInstanceRegistry - Cancelled instance HRD-EMP-FE/cdac-ecgc:hrd-emp-fe:8082 (replication=false)
2020-05-06 18:24:29 [Eureka-EvictionTimer] INFO  c.n.e.r.AbstractInstanceRegistry - Running the evict task with compensationTime 0ms
2020-05-06 18:25:29 [Eureka-EvictionTimer] INFO  c.n.e.r.AbstractInstanceRegistry - Running the evict task with compensationTime 1ms
2020-05-06 18:26:29 [Eureka-EvictionTimer] INFO  c.n.e.r.AbstractInstanceRegistry - Running the evict task with compensationTime 1ms
2020-05-06 18:27:29 [Eureka-EvictionTimer] INFO  c.n.e.r.AbstractInstanceRegistry - Running the evict task with compensationTime 0ms
2020-05-06 18:28:29 [Eureka-EvictionTimer] INFO  c.n.e.r.AbstractInstanceRegistry - Running the evict task with compensationTime 0ms
2020-05-06 18:29:29 [Eureka-EvictionTimer] INFO  c.n.e.r.AbstractInstanceRegistry - Running the evict task with compensationTime 0ms
2020-05-06 18:30:29 [ReplicaAwareInstanceRegistry - RenewalThresholdUpdater] INFO  c.n.e.r.PeerAwareInstanceRegistryImpl - Current renewal threshold is : 1
2020-05-06 18:30:29 [Eureka-EvictionTimer] INFO  c.n.e.r.AbstractInstanceRegistry - Running the evict task with compensationTime 0ms
2020-05-06 18:31:29 [Eureka-EvictionTimer] INFO  c.n.e.r.AbstractInstanceRegistry - Running the evict task with compensationTime 0ms
2020-05-06 18:32:29 [Eureka-EvictionTimer] INFO  c.n.e.r.AbstractInstanceRegistry - Running the evict task with compensationTime 1ms
2020-05-06 18:33:29 [Eureka-EvictionTimer] INFO  c.n.e.r.AbstractInstanceRegistry - Running the evict task with compensationTime 0ms
2020-05-06 18:34:29 [Eureka-EvictionTimer] INFO  c.n.e.r.AbstractInstanceRegistry - Running the evict task with compensationTime 0ms
2020-05-06 18:35:29 [Eureka-EvictionTimer] INFO  c.n.e.r.AbstractInstanceRegistry - Running the evict task with compensationTime 0ms
2020-05-06 18:36:29 [Eureka-EvictionTimer] INFO  c.n.e.r.AbstractInstanceRegistry - Running the evict task with compensationTime 0ms
2020-05-06 18:37:29 [Eureka-EvictionTimer] INFO  c.n.e.r.AbstractInstanceRegistry - Running the evict task with compensationTime 0ms
2020-05-06 18:37:33 [http-nio-8000-exec-2] INFO  c.n.e.r.AbstractInstanceRegistry - Registered instance HRD-EMP-FE/192.168.29.201:hrd-emp-fe:8082 with status UP (replication=false)
2020-05-06 18:37:45 [http-nio-8000-exec-4] INFO  c.n.e.r.AbstractInstanceRegistry - Registered instance HRD-EMP-BE/192.168.29.201:hrd-emp-be:8083 with status UP (replication=false)
2020-05-06 18:37:50 [http-nio-8000-exec-6] INFO  c.n.e.r.AbstractInstanceRegistry - Registered instance HRD-EMP-FE/192.168.29.201:hrd-emp-fe:8082 with status DOWN (replication=false)
2020-05-06 18:37:50 [http-nio-8000-exec-5] INFO  c.n.e.r.AbstractInstanceRegistry - Cancelled instance HRD-EMP-FE/192.168.29.201:hrd-emp-fe:8082 (replication=false)
2020-05-06 18:37:54 [http-nio-8000-exec-9] INFO  c.n.e.r.AbstractInstanceRegistry - Registered instance HRD-EMP-FE/192.168.29.201:hrd-emp-fe:8082 with status UP (replication=false)
2020-05-06 18:38:12 [http-nio-8000-exec-10] INFO  c.n.e.r.AbstractInstanceRegistry - Registered instance HRD-EMP-FE/192.168.29.201:hrd-emp-fe:8082 with status DOWN (replication=false)
2020-05-06 18:38:15 [http-nio-8000-exec-1] INFO  c.n.e.r.AbstractInstanceRegistry - Cancelled instance HRD-EMP-FE/192.168.29.201:hrd-emp-fe:8082 (replication=false)
2020-05-06 18:38:19 [http-nio-8000-exec-5] INFO  c.n.e.r.AbstractInstanceRegistry - Registered instance HRD-EMP-FE/192.168.29.201:hrd-emp-fe:8082 with status UP (replication=false)
2020-05-06 18:38:19 [http-nio-8000-exec-7] INFO  c.n.e.r.AbstractInstanceRegistry - Registered instance HRD-EMP-FE/192.168.29.201:hrd-emp-fe:8082 with status UP (replication=false)
2020-05-06 18:38:19 [http-nio-8000-exec-9] INFO  c.n.e.r.AbstractInstanceRegistry - Registered instance HRD-EMP-FE/192.168.29.201:hrd-emp-fe:8082 with status DOWN (replication=false)
2020-05-06 18:38:22 [http-nio-8000-exec-10] INFO  c.n.e.r.AbstractInstanceRegistry - Cancelled instance HRD-EMP-FE/192.168.29.201:hrd-emp-fe:8082 (replication=false)
2020-05-06 18:38:29 [http-nio-8000-exec-2] INFO  c.n.e.r.AbstractInstanceRegistry - Registered instance HRD-EMP-FE/192.168.29.201:hrd-emp-fe:8082 with status DOWN (replication=false)
2020-05-06 18:38:29 [Eureka-EvictionTimer] INFO  c.n.e.r.AbstractInstanceRegistry - Running the evict task with compensationTime 0ms
2020-05-06 18:38:32 [http-nio-8000-exec-3] INFO  c.n.e.r.AbstractInstanceRegistry - Cancelled instance HRD-EMP-FE/192.168.29.201:hrd-emp-fe:8082 (replication=false)
2020-05-06 18:38:37 [http-nio-8000-exec-6] INFO  c.n.e.r.AbstractInstanceRegistry - Registered instance HRD-EMP-BE/192.168.29.201:hrd-emp-be:8083 with status DOWN (replication=false)
2020-05-06 18:38:37 [http-nio-8000-exec-8] INFO  c.n.e.r.AbstractInstanceRegistry - Cancelled instance HRD-EMP-BE/192.168.29.201:hrd-emp-be:8083 (replication=false)
2020-05-06 18:38:48 [http-nio-8000-exec-10] INFO  c.n.e.r.AbstractInstanceRegistry - Registered instance HRD-EMP-FE/192.168.29.201:hrd-emp-fe:8082 with status UP (replication=false)
2020-05-06 18:39:07 [http-nio-8000-exec-2] INFO  c.n.e.r.AbstractInstanceRegistry - Registered instance HRD-EMP-BE/192.168.29.201:hrd-emp-be:8083 with status UP (replication=false)
2020-05-06 18:39:29 [Eureka-EvictionTimer] INFO  c.n.e.r.AbstractInstanceRegistry - Running the evict task with compensationTime 0ms
2020-05-06 18:39:32 [http-nio-8000-exec-8] INFO  c.n.e.r.AbstractInstanceRegistry - Registered instance HRD-EMP-FE/192.168.29.201:hrd-emp-fe:8082 with status UP (replication=false)
2020-05-06 18:39:32 [http-nio-8000-exec-5] INFO  c.n.e.r.AbstractInstanceRegistry - Registered instance HRD-EMP-FE/192.168.29.201:hrd-emp-fe:8082 with status DOWN (replication=false)
2020-05-06 18:39:35 [http-nio-8000-exec-7] INFO  c.n.e.r.AbstractInstanceRegistry - Cancelled instance HRD-EMP-FE/192.168.29.201:hrd-emp-fe:8082 (replication=false)
2020-05-06 18:39:48 [http-nio-8000-exec-2] WARN  c.n.e.r.AbstractInstanceRegistry - DS: Registry: lease doesn't exist, registering resource: HRD-EMP-FE - 192.168.29.201:hrd-emp-fe:8082
2020-05-06 18:39:48 [http-nio-8000-exec-2] WARN  c.n.e.resources.InstanceResource - Not Found (Renew): HRD-EMP-FE - 192.168.29.201:hrd-emp-fe:8082
2020-05-06 18:39:48 [http-nio-8000-exec-4] INFO  c.n.e.r.AbstractInstanceRegistry - Registered instance HRD-EMP-FE/192.168.29.201:hrd-emp-fe:8082 with status UP (replication=false)
2020-05-06 18:40:29 [Eureka-EvictionTimer] INFO  c.n.e.r.AbstractInstanceRegistry - Running the evict task with compensationTime 0ms
2020-05-06 18:40:35 [http-nio-8000-exec-9] INFO  c.n.e.r.AbstractInstanceRegistry - Registered instance HRD-EMP-FE/192.168.29.201:hrd-emp-fe:8082 with status DOWN (replication=false)
2020-05-06 18:40:38 [http-nio-8000-exec-2] INFO  c.n.e.r.AbstractInstanceRegistry - Cancelled instance HRD-EMP-FE/192.168.29.201:hrd-emp-fe:8082 (replication=false)
2020-05-06 18:40:58 [http-nio-8000-exec-8] INFO  c.n.e.r.AbstractInstanceRegistry - Registered instance HRD-EMP-FE/192.168.29.201:hrd-emp-fe:8082 with status UP (replication=false)
2020-05-06 18:41:29 [Eureka-EvictionTimer] INFO  c.n.e.r.AbstractInstanceRegistry - Running the evict task with compensationTime 0ms
2020-05-06 18:42:29 [Eureka-EvictionTimer] INFO  c.n.e.r.AbstractInstanceRegistry - Running the evict task with compensationTime 0ms
2020-05-06 18:43:29 [Eureka-EvictionTimer] INFO  c.n.e.r.AbstractInstanceRegistry - Running the evict task with compensationTime 0ms
2020-05-06 18:44:29 [Eureka-EvictionTimer] INFO  c.n.e.r.AbstractInstanceRegistry - Running the evict task with compensationTime 0ms
2020-05-06 18:45:29 [ReplicaAwareInstanceRegistry - RenewalThresholdUpdater] INFO  c.n.e.r.PeerAwareInstanceRegistryImpl - Current renewal threshold is : 5
2020-05-06 18:45:29 [Eureka-EvictionTimer] INFO  c.n.e.r.AbstractInstanceRegistry - Running the evict task with compensationTime 0ms
2020-05-06 18:46:29 [Eureka-EvictionTimer] INFO  c.n.e.r.AbstractInstanceRegistry - Running the evict task with compensationTime 0ms
2020-05-06 18:47:29 [Eureka-EvictionTimer] INFO  c.n.e.r.AbstractInstanceRegistry - Running the evict task with compensationTime 0ms
2020-05-06 18:48:29 [Eureka-EvictionTimer] INFO  c.n.e.r.AbstractInstanceRegistry - Running the evict task with compensationTime 1ms
2020-05-06 18:49:29 [Eureka-EvictionTimer] INFO  c.n.e.r.AbstractInstanceRegistry - Running the evict task with compensationTime 0ms
2020-05-06 18:50:29 [Eureka-EvictionTimer] INFO  c.n.e.r.AbstractInstanceRegistry - Running the evict task with compensationTime 0ms
2020-05-06 18:51:29 [Eureka-EvictionTimer] INFO  c.n.e.r.AbstractInstanceRegistry - Running the evict task with compensationTime 1ms
2020-05-06 18:52:29 [Eureka-EvictionTimer] INFO  c.n.e.r.AbstractInstanceRegistry - Running the evict task with compensationTime 0ms
2020-05-06 18:53:29 [Eureka-EvictionTimer] INFO  c.n.e.r.AbstractInstanceRegistry - Running the evict task with compensationTime 0ms
2020-05-06 18:54:29 [Eureka-EvictionTimer] INFO  c.n.e.r.AbstractInstanceRegistry - Running the evict task with compensationTime 0ms
2020-05-06 18:55:29 [Eureka-EvictionTimer] INFO  c.n.e.r.AbstractInstanceRegistry - Running the evict task with compensationTime 0ms
2020-05-06 18:56:29 [Eureka-EvictionTimer] INFO  c.n.e.r.AbstractInstanceRegistry - Running the evict task with compensationTime 0ms
2020-05-06 18:57:29 [Eureka-EvictionTimer] INFO  c.n.e.r.AbstractInstanceRegistry - Running the evict task with compensationTime 0ms
2020-05-06 18:58:29 [Eureka-EvictionTimer] INFO  c.n.e.r.AbstractInstanceRegistry - Running the evict task with compensationTime 0ms
2020-05-06 18:59:29 [Eureka-EvictionTimer] INFO  c.n.e.r.AbstractInstanceRegistry - Running the evict task with compensationTime 0ms
2020-05-06 19:00:29 [ReplicaAwareInstanceRegistry - RenewalThresholdUpdater] INFO  c.n.e.r.PeerAwareInstanceRegistryImpl - Current renewal threshold is : 5
2020-05-06 19:00:29 [Eureka-EvictionTimer] INFO  c.n.e.r.AbstractInstanceRegistry - Running the evict task with compensationTime 0ms
2020-05-06 19:01:29 [Eureka-EvictionTimer] INFO  c.n.e.r.AbstractInstanceRegistry - Running the evict task with compensationTime 0ms
2020-05-06 19:02:29 [Eureka-EvictionTimer] INFO  c.n.e.r.AbstractInstanceRegistry - Running the evict task with compensationTime 0ms
2020-05-06 19:03:29 [Eureka-EvictionTimer] INFO  c.n.e.r.AbstractInstanceRegistry - Running the evict task with compensationTime 0ms
2020-05-06 19:04:29 [Eureka-EvictionTimer] INFO  c.n.e.r.AbstractInstanceRegistry - Running the evict task with compensationTime 0ms
2020-05-06 19:05:29 [Eureka-EvictionTimer] INFO  c.n.e.r.AbstractInstanceRegistry - Running the evict task with compensationTime 0ms
2020-05-06 19:06:29 [Eureka-EvictionTimer] INFO  c.n.e.r.AbstractInstanceRegistry - Running the evict task with compensationTime 0ms
2020-05-06 19:07:29 [Eureka-EvictionTimer] INFO  c.n.e.r.AbstractInstanceRegistry - Running the evict task with compensationTime 0ms
2020-05-06 19:08:29 [Eureka-EvictionTimer] INFO  c.n.e.r.AbstractInstanceRegistry - Running the evict task with compensationTime 0ms
2020-05-06 19:09:29 [Eureka-EvictionTimer] INFO  c.n.e.r.AbstractInstanceRegistry - Running the evict task with compensationTime 0ms
2020-05-06 19:10:29 [Eureka-EvictionTimer] INFO  c.n.e.r.AbstractInstanceRegistry - Running the evict task with compensationTime 0ms
